<?xml version="1.0" encoding="UTF-8"?>
<testsuite xmlns:xsi="http://www.w3.org/2001/XMLSchema-instance" xsi:noNamespaceSchemaLocation="https://maven.apache.org/surefire/maven-surefire-plugin/xsd/surefire-test-report.xsd" name="TestSuite" time="41.957" tests="38" errors="0" skipped="0" failures="0">
  <properties>
[...]
</properties>
  <testcase name="testCreateUser_201" classname="com.github.bugscatcher.UserTests" time="2.35"/>
  <testcase name="testCreateUser_201" classname="com.github.bugscatcher.UserTests" time="0.708"/>
  <testcase name="testCreateUser_201" classname="com.github.bugscatcher.UserTests" time="0.729"/>
  <testcase name="testCreateUser_201" classname="com.github.bugscatcher.UserTests" time="0.729"/>
  <testcase name="testCreateUser_201" classname="com.github.bugscatcher.UserTests" time="0.602"/>
  <testcase name="testDelayedResponse_200" classname="com.github.bugscatcher.UserTests" time="5.845"/>
  <testcase name="testDelayedResponse_200" classname="com.github.bugscatcher.UserTests" time="10.588"/>
  <testcase name="testDelayedResponse_200" classname="com.github.bugscatcher.UserTests" time="0.652"/>
  <testcase name="testDelayedResponse_200" classname="com.github.bugscatcher.UserTests" time="0.578"/>
  <testcase name="testDeleteUser_204" classname="com.github.bugscatcher.UserTests" time="0.392"/>
  <testcase name="testListUsers_200" classname="com.github.bugscatcher.UserTests" time="0.601"/>
  <testcase name="testSingleUser_200" classname="com.github.bugscatcher.UserTests" time="0.573"/>
  <testcase name="testSingleUser_404" classname="com.github.bugscatcher.UserTests" time="0.547"/>
  <testcase name="testUpdateUser_PATCH_200" classname="com.github.bugscatcher.UserTests" time="0.563"/>
  <testcase name="testUpdateUser_PATCH_200" classname="com.github.bugscatcher.UserTests" time="0.567"/>
  <testcase name="testUpdateUser_PATCH_200" classname="com.github.bugscatcher.UserTests" time="0.738"/>
  <testcase name="testUpdateUser_PATCH_200" classname="com.github.bugscatcher.UserTests" time="0.557"/>
  <testcase name="testUpdateUser_PATCH_200" classname="com.github.bugscatcher.UserTests" time="0.586"/>
  <testcase name="testUpdateUser_PUT_200" classname="com.github.bugscatcher.UserTests" time="0.708"/>
  <testcase name="testUpdateUser_PUT_200" classname="com.github.bugscatcher.UserTests" time="0.369"/>
  <testcase name="testUpdateUser_PUT_200" classname="com.github.bugscatcher.UserTests" time="0.748"/>
  <testcase name="testUpdateUser_PUT_200" classname="com.github.bugscatcher.UserTests" time="0.565"/>
  <testcase name="testUpdateUser_PUT_200" classname="com.github.bugscatcher.UserTests" time="0.674"/>
  <testcase name="testRegister_201" classname="com.github.bugscatcher.RegisterTests" time="0.392"/>
  <testcase name="testRegister_201" classname="com.github.bugscatcher.RegisterTests" time="0.379"/>
  <testcase name="testRegister_400_1" classname="com.github.bugscatcher.RegisterTests" time="0.563"/>
  <testcase name="testRegister_400_1" classname="com.github.bugscatcher.RegisterTests" time="0.361"/>
  <testcase name="testRegister_400_2" classname="com.github.bugscatcher.RegisterTests" time="0.384"/>
  <testcase name="testRegister_400_2" classname="com.github.bugscatcher.RegisterTests" time="0.551"/>
  <testcase name="testLogin_200" classname="com.github.bugscatcher.LoginTests" time="0.736"/>
  <testcase name="testLogin_200" classname="com.github.bugscatcher.LoginTests" time="0.555"/>
  <testcase name="testLogin_400_1" classname="com.github.bugscatcher.LoginTests" time="0.559"/>
  <testcase name="testLogin_400_1" classname="com.github.bugscatcher.LoginTests" time="0.361"/>
  <testcase name="testLogin_400_2" classname="com.github.bugscatcher.LoginTests" time="0.55"/>
  <testcase name="testLogin_400_2" classname="com.github.bugscatcher.LoginTests" time="0.374"/>
  <testcase name="testListResource_200" classname="com.github.bugscatcher.ResourceTests" time="0.596"/>
  <testcase name="testSingleResource_200" classname="com.github.bugscatcher.ResourceTests" time="0.564"/>
  <testcase name="testSingleResource_404" classname="com.github.bugscatcher.ResourceTests" time="0.38"/>
</testsuite>