<?xml version="1.0" encoding="UTF-8"?>
<testsuite xmlns:xsi="http://www.w3.org/2001/XMLSchema-instance" xsi:noNamespaceSchemaLocation="https://maven.apache.org/surefire/maven-surefire-plugin/xsd/surefire-test-report.xsd" name="TestSuite" time="24.641" tests="38" errors="0" skipped="0" failures="0">
  <properties>
[...]
</properties>
  <testcase name="testCreateUser_201" classname="com.github.bugscatcher.UserTests" time="2.863"/>
  <testcase name="testCreateUser_201" classname="com.github.bugscatcher.UserTests" time="2.864"/>
  <testcase name="testCreateUser_201" classname="com.github.bugscatcher.UserTests" time="2.864"/>
  <testcase name="testCreateUser_201" classname="com.github.bugscatcher.UserTests" time="2.864"/>
  <testcase name="testCreateUser_201" classname="com.github.bugscatcher.UserTests" time="2.864"/>
  <testcase name="testDelayedResponse_200" classname="com.github.bugscatcher.UserTests" time="0.458"/>
  <testcase name="testDelayedResponse_200" classname="com.github.bugscatcher.UserTests" time="0.458"/>
  <testcase name="testDelayedResponse_200" classname="com.github.bugscatcher.UserTests" time="5.577"/>
  <testcase name="testDelayedResponse_200" classname="com.github.bugscatcher.UserTests" time="10.574"/>
  <testcase name="testDeleteUser_204" classname="com.github.bugscatcher.UserTests" time="0.437"/>
  <testcase name="testListUsers_200" classname="com.github.bugscatcher.UserTests" time="0.567"/>
  <testcase name="testSingleUser_200" classname="com.github.bugscatcher.UserTests" time="0.353"/>
  <testcase name="testSingleUser_404" classname="com.github.bugscatcher.UserTests" time="0.678"/>
  <testcase name="testUpdateUser_PATCH_200" classname="com.github.bugscatcher.UserTests" time="0.401"/>
  <testcase name="testUpdateUser_PATCH_200" classname="com.github.bugscatcher.UserTests" time="0.401"/>
  <testcase name="testUpdateUser_PATCH_200" classname="com.github.bugscatcher.UserTests" time="0.591"/>
  <testcase name="testUpdateUser_PATCH_200" classname="com.github.bugscatcher.UserTests" time="0.592"/>
  <testcase name="testUpdateUser_PATCH_200" classname="com.github.bugscatcher.UserTests" time="0.595"/>
  <testcase name="testUpdateUser_PUT_200" classname="com.github.bugscatcher.UserTests" time="0.37"/>
  <testcase name="testUpdateUser_PUT_200" classname="com.github.bugscatcher.UserTests" time="0.37"/>
  <testcase name="testUpdateUser_PUT_200" classname="com.github.bugscatcher.UserTests" time="0.37"/>
  <testcase name="testUpdateUser_PUT_200" classname="com.github.bugscatcher.UserTests" time="0.552"/>
  <testcase name="testUpdateUser_PUT_200" classname="com.github.bugscatcher.UserTests" time="0.581"/>
  <testcase name="testRegister_201" classname="com.github.bugscatcher.RegisterTests" time="0.513"/>
  <testcase name="testRegister_201" classname="com.github.bugscatcher.RegisterTests" time="0.718"/>
  <testcase name="testRegister_400_1" classname="com.github.bugscatcher.RegisterTests" time="0.391"/>
  <testcase name="testRegister_400_1" classname="com.github.bugscatcher.RegisterTests" time="0.391"/>
  <testcase name="testRegister_400_2" classname="com.github.bugscatcher.RegisterTests" time="0.386"/>
  <testcase name="testRegister_400_2" classname="com.github.bugscatcher.RegisterTests" time="0.534"/>
  <testcase name="testLogin_200" classname="com.github.bugscatcher.LoginTests" time="0.36"/>
  <testcase name="testLogin_200" classname="com.github.bugscatcher.LoginTests" time="0.542"/>
  <testcase name="testLogin_400_1" classname="com.github.bugscatcher.LoginTests" time="0.558"/>
  <testcase name="testLogin_400_1" classname="com.github.bugscatcher.LoginTests" time="0.667"/>
  <testcase name="testLogin_400_2" classname="com.github.bugscatcher.LoginTests" time="0.393"/>
  <testcase name="testLogin_400_2" classname="com.github.bugscatcher.LoginTests" time="0.52"/>
  <testcase name="testListResource_200" classname="com.github.bugscatcher.ResourceTests" time="0.391"/>
  <testcase name="testSingleResource_200" classname="com.github.bugscatcher.ResourceTests" time="0.365"/>
  <testcase name="testSingleResource_404" classname="com.github.bugscatcher.ResourceTests" time="0.365"/>
</testsuite>