<?xml version="1.0" encoding="UTF-8"?>
<testng-results skipped="0" failed="0" ignored="0" total="47" passed="47">
  <reporter-output>
  </reporter-output>
  <suite name="Test Suite" duration-ms="71040" started-at="2018-06-06T10:45:08Z" finished-at="2018-06-06T10:46:19Z">
    <groups>
    </groups>
    <test name="User Tests" duration-ms="49319" started-at="2018-06-06T10:45:08Z" finished-at="2018-06-06T10:45:57Z">
      <class name="com.github.bugscatcher.UserTests">
        <test-method status="PASS" signature="setUp()[pri:0, instance:com.github.bugscatcher.UserTests@5400db36]" name="setUp" is-config="true" duration-ms="824" started-at="2018-06-06T10:45:08Z" description="Configure temp files, base uri, base path and etc." finished-at="2018-06-06T10:45:08Z">
          <reporter-output>
          </reporter-output>
        </test-method> <!-- setUp -->
        <test-method status="PASS" signature="testCreateUser_201(java.lang.String, java.lang.String)[pri:0, instance:com.github.bugscatcher.UserTests@5400db36]" name="testCreateUser_201" duration-ms="2808" started-at="2018-06-06T10:45:09Z" description="POST. CREATE USER." data-provider="createUser_201" finished-at="2018-06-06T10:45:11Z">
          <params>
            <param index="0">
              <value>
                <![CDATA[Ainur]]>
              </value>
            </param>
            <param index="1">
              <value>
                <![CDATA[Team Leader]]>
              </value>
            </param>
          </params>
          <reporter-output>
          </reporter-output>
        </test-method> <!-- testCreateUser_201 -->
        <test-method status="PASS" signature="tearDown()[pri:0, instance:com.github.bugscatcher.UserTests@5400db36]" name="tearDown" is-config="true" duration-ms="1" started-at="2018-06-06T10:45:11Z" description="Delete temp files" finished-at="2018-06-06T10:45:11Z">
          <reporter-output>
          </reporter-output>
        </test-method> <!-- tearDown -->
        <test-method status="PASS" signature="setUp()[pri:0, instance:com.github.bugscatcher.UserTests@5400db36]" name="setUp" is-config="true" duration-ms="5" started-at="2018-06-06T10:45:11Z" description="Configure temp files, base uri, base path and etc." finished-at="2018-06-06T10:45:11Z">
          <reporter-output>
          </reporter-output>
        </test-method> <!-- setUp -->
        <test-method status="PASS" signature="testCreateUser_201(java.lang.String, java.lang.String)[pri:0, instance:com.github.bugscatcher.UserTests@5400db36]" name="testCreateUser_201" duration-ms="1086" started-at="2018-06-06T10:45:11Z" description="POST. CREATE USER." data-provider="createUser_201" finished-at="2018-06-06T10:45:12Z">
          <params>
            <param index="0">
              <value>
                <![CDATA[Jacob]]>
              </value>
            </param>
            <param index="1">
              <value>
                <![CDATA[]]>
              </value>
            </param>
          </params>
          <reporter-output>
          </reporter-output>
        </test-method> <!-- testCreateUser_201 -->
        <test-method status="PASS" signature="tearDown()[pri:0, instance:com.github.bugscatcher.UserTests@5400db36]" name="tearDown" is-config="true" duration-ms="1" started-at="2018-06-06T10:45:12Z" description="Delete temp files" finished-at="2018-06-06T10:45:12Z">
          <reporter-output>
          </reporter-output>
        </test-method> <!-- tearDown -->
        <test-method status="PASS" signature="setUp()[pri:0, instance:com.github.bugscatcher.UserTests@5400db36]" name="setUp" is-config="true" duration-ms="4" started-at="2018-06-06T10:45:13Z" description="Configure temp files, base uri, base path and etc." finished-at="2018-06-06T10:45:13Z">
          <reporter-output>
          </reporter-output>
        </test-method> <!-- setUp -->
        <test-method status="PASS" signature="testCreateUser_201(java.lang.String, java.lang.String)[pri:0, instance:com.github.bugscatcher.UserTests@5400db36]" name="testCreateUser_201" duration-ms="1094" started-at="2018-06-06T10:45:13Z" description="POST. CREATE USER." data-provider="createUser_201" finished-at="2018-06-06T10:45:14Z">
          <params>
            <param index="0">
              <value>
                <![CDATA[Michael]]>
              </value>
            </param>
            <param index="1">
              <value is-null="true"/>
            </param>
          </params>
          <reporter-output>
          </reporter-output>
        </test-method> <!-- testCreateUser_201 -->
        <test-method status="PASS" signature="tearDown()[pri:0, instance:com.github.bugscatcher.UserTests@5400db36]" name="tearDown" is-config="true" duration-ms="1" started-at="2018-06-06T10:45:14Z" description="Delete temp files" finished-at="2018-06-06T10:45:14Z">
          <reporter-output>
          </reporter-output>
        </test-method> <!-- tearDown -->
        <test-method status="PASS" signature="setUp()[pri:0, instance:com.github.bugscatcher.UserTests@5400db36]" name="setUp" is-config="true" duration-ms="7" started-at="2018-06-06T10:45:14Z" description="Configure temp files, base uri, base path and etc." finished-at="2018-06-06T10:45:14Z">
          <reporter-output>
          </reporter-output>
        </test-method> <!-- setUp -->
        <test-method status="PASS" signature="testCreateUser_201(java.lang.String, java.lang.String)[pri:0, instance:com.github.bugscatcher.UserTests@5400db36]" name="testCreateUser_201" duration-ms="1114" started-at="2018-06-06T10:45:14Z" description="POST. CREATE USER." data-provider="createUser_201" finished-at="2018-06-06T10:45:15Z">
          <params>
            <param index="0">
              <value>
                <![CDATA[]]>
              </value>
            </param>
            <param index="1">
              <value>
                <![CDATA[Software Architect]]>
              </value>
            </param>
          </params>
          <reporter-output>
          </reporter-output>
        </test-method> <!-- testCreateUser_201 -->
        <test-method status="PASS" signature="tearDown()[pri:0, instance:com.github.bugscatcher.UserTests@5400db36]" name="tearDown" is-config="true" duration-ms="1" started-at="2018-06-06T10:45:15Z" description="Delete temp files" finished-at="2018-06-06T10:45:15Z">
          <reporter-output>
          </reporter-output>
        </test-method> <!-- tearDown -->
        <test-method status="PASS" signature="setUp()[pri:0, instance:com.github.bugscatcher.UserTests@5400db36]" name="setUp" is-config="true" duration-ms="10" started-at="2018-06-06T10:45:15Z" description="Configure temp files, base uri, base path and etc." finished-at="2018-06-06T10:45:15Z">
          <reporter-output>
          </reporter-output>
        </test-method> <!-- setUp -->
        <test-method status="PASS" signature="testCreateUser_201(java.lang.String, java.lang.String)[pri:0, instance:com.github.bugscatcher.UserTests@5400db36]" name="testCreateUser_201" duration-ms="1104" started-at="2018-06-06T10:45:15Z" description="POST. CREATE USER." data-provider="createUser_201" finished-at="2018-06-06T10:45:16Z">
          <params>
            <param index="0">
              <value is-null="true"/>
            </param>
            <param index="1">
              <value>
                <![CDATA[UX Designer]]>
              </value>
            </param>
          </params>
          <reporter-output>
          </reporter-output>
        </test-method> <!-- testCreateUser_201 -->
        <test-method status="PASS" signature="tearDown()[pri:0, instance:com.github.bugscatcher.UserTests@5400db36]" name="tearDown" is-config="true" duration-ms="1" started-at="2018-06-06T10:45:16Z" description="Delete temp files" finished-at="2018-06-06T10:45:16Z">
          <reporter-output>
          </reporter-output>
        </test-method> <!-- tearDown -->
        <test-method status="PASS" signature="setUp()[pri:0, instance:com.github.bugscatcher.UserTests@5400db36]" name="setUp" is-config="true" duration-ms="10" started-at="2018-06-06T10:45:16Z" description="Configure temp files, base uri, base path and etc." finished-at="2018-06-06T10:45:16Z">
          <reporter-output>
          </reporter-output>
        </test-method> <!-- setUp -->
        <test-method status="PASS" signature="testDelayedResponse_200(java.lang.String)[pri:0, instance:com.github.bugscatcher.UserTests@5400db36]" name="testDelayedResponse_200" duration-ms="6208" started-at="2018-06-06T10:45:16Z" description="GET. DELAYED RESPONSE." data-provider="delay" finished-at="2018-06-06T10:45:22Z">
          <params>
            <param index="0">
              <value>
                <![CDATA[5]]>
              </value>
            </param>
          </params>
          <reporter-output>
          </reporter-output>
        </test-method> <!-- testDelayedResponse_200 -->
        <test-method status="PASS" signature="tearDown()[pri:0, instance:com.github.bugscatcher.UserTests@5400db36]" name="tearDown" is-config="true" duration-ms="0" started-at="2018-06-06T10:45:22Z" description="Delete temp files" finished-at="2018-06-06T10:45:22Z">
          <reporter-output>
          </reporter-output>
        </test-method> <!-- tearDown -->
        <test-method status="PASS" signature="setUp()[pri:0, instance:com.github.bugscatcher.UserTests@5400db36]" name="setUp" is-config="true" duration-ms="6" started-at="2018-06-06T10:45:22Z" description="Configure temp files, base uri, base path and etc." finished-at="2018-06-06T10:45:22Z">
          <reporter-output>
          </reporter-output>
        </test-method> <!-- setUp -->
        <test-method status="PASS" signature="testDelayedResponse_200(java.lang.String)[pri:0, instance:com.github.bugscatcher.UserTests@5400db36]" name="testDelayedResponse_200" duration-ms="11089" started-at="2018-06-06T10:45:22Z" description="GET. DELAYED RESPONSE." data-provider="delay" finished-at="2018-06-06T10:45:33Z">
          <params>
            <param index="0">
              <value>
                <![CDATA[10]]>
              </value>
            </param>
          </params>
          <reporter-output>
          </reporter-output>
        </test-method> <!-- testDelayedResponse_200 -->
        <test-method status="PASS" signature="tearDown()[pri:0, instance:com.github.bugscatcher.UserTests@5400db36]" name="tearDown" is-config="true" duration-ms="0" started-at="2018-06-06T10:45:33Z" description="Delete temp files" finished-at="2018-06-06T10:45:33Z">
          <reporter-output>
          </reporter-output>
        </test-method> <!-- tearDown -->
        <test-method status="PASS" signature="setUp()[pri:0, instance:com.github.bugscatcher.UserTests@5400db36]" name="setUp" is-config="true" duration-ms="8" started-at="2018-06-06T10:45:33Z" description="Configure temp files, base uri, base path and etc." finished-at="2018-06-06T10:45:33Z">
          <reporter-output>
          </reporter-output>
        </test-method> <!-- setUp -->
        <test-method status="PASS" signature="testDelayedResponse_200(java.lang.String)[pri:0, instance:com.github.bugscatcher.UserTests@5400db36]" name="testDelayedResponse_200" duration-ms="1080" started-at="2018-06-06T10:45:33Z" description="GET. DELAYED RESPONSE." data-provider="delay" finished-at="2018-06-06T10:45:34Z">
          <params>
            <param index="0">
              <value>
                <![CDATA[-999]]>
              </value>
            </param>
          </params>
          <reporter-output>
          </reporter-output>
        </test-method> <!-- testDelayedResponse_200 -->
        <test-method status="PASS" signature="tearDown()[pri:0, instance:com.github.bugscatcher.UserTests@5400db36]" name="tearDown" is-config="true" duration-ms="1" started-at="2018-06-06T10:45:34Z" description="Delete temp files" finished-at="2018-06-06T10:45:34Z">
          <reporter-output>
          </reporter-output>
        </test-method> <!-- tearDown -->
        <test-method status="PASS" signature="setUp()[pri:0, instance:com.github.bugscatcher.UserTests@5400db36]" name="setUp" is-config="true" duration-ms="5" started-at="2018-06-06T10:45:34Z" description="Configure temp files, base uri, base path and etc." finished-at="2018-06-06T10:45:34Z">
          <reporter-output>
          </reporter-output>
        </test-method> <!-- setUp -->
        <test-method status="PASS" signature="testDelayedResponse_200(java.lang.String)[pri:0, instance:com.github.bugscatcher.UserTests@5400db36]" name="testDelayedResponse_200" duration-ms="1081" started-at="2018-06-06T10:45:34Z" description="GET. DELAYED RESPONSE." data-provider="delay" finished-at="2018-06-06T10:45:36Z">
          <params>
            <param index="0">
              <value>
                <![CDATA[aaaa]]>
              </value>
            </param>
          </params>
          <reporter-output>
          </reporter-output>
        </test-method> <!-- testDelayedResponse_200 -->
        <test-method status="PASS" signature="tearDown()[pri:0, instance:com.github.bugscatcher.UserTests@5400db36]" name="tearDown" is-config="true" duration-ms="0" started-at="2018-06-06T10:45:36Z" description="Delete temp files" finished-at="2018-06-06T10:45:36Z">
          <reporter-output>
          </reporter-output>
        </test-method> <!-- tearDown -->
        <test-method status="PASS" signature="setUp()[pri:0, instance:com.github.bugscatcher.UserTests@5400db36]" name="setUp" is-config="true" duration-ms="4" started-at="2018-06-06T10:45:36Z" description="Configure temp files, base uri, base path and etc." finished-at="2018-06-06T10:45:36Z">
          <reporter-output>
          </reporter-output>
        </test-method> <!-- setUp -->
        <test-method status="PASS" signature="testDeleteUser_204(java.lang.String)[pri:0, instance:com.github.bugscatcher.UserTests@5400db36]" name="testDeleteUser_204" duration-ms="1104" started-at="2018-06-06T10:45:36Z" description="DELETE. DELETE USER." data-provider="deleteUser_204" finished-at="2018-06-06T10:45:37Z">
          <params>
            <param index="0">
              <value>
                <![CDATA[1]]>
              </value>
            </param>
          </params>
          <reporter-output>
          </reporter-output>
        </test-method> <!-- testDeleteUser_204 -->
        <test-method status="PASS" signature="tearDown()[pri:0, instance:com.github.bugscatcher.UserTests@5400db36]" name="tearDown" is-config="true" duration-ms="1" started-at="2018-06-06T10:45:37Z" description="Delete temp files" finished-at="2018-06-06T10:45:37Z">
          <reporter-output>
          </reporter-output>
        </test-method> <!-- tearDown -->
        <test-method status="PASS" signature="setUp()[pri:0, instance:com.github.bugscatcher.UserTests@5400db36]" name="setUp" is-config="true" duration-ms="5" started-at="2018-06-06T10:45:37Z" description="Configure temp files, base uri, base path and etc." finished-at="2018-06-06T10:45:37Z">
          <reporter-output>
          </reporter-output>
        </test-method> <!-- setUp -->
        <test-method status="PASS" signature="testDeleteUser_204(java.lang.String)[pri:0, instance:com.github.bugscatcher.UserTests@5400db36]" name="testDeleteUser_204" duration-ms="1073" started-at="2018-06-06T10:45:37Z" description="DELETE. DELETE USER." data-provider="deleteUser_204" finished-at="2018-06-06T10:45:38Z">
          <params>
            <param index="0">
              <value>
                <![CDATA[100]]>
              </value>
            </param>
          </params>
          <reporter-output>
          </reporter-output>
        </test-method> <!-- testDeleteUser_204 -->
        <test-method status="PASS" signature="tearDown()[pri:0, instance:com.github.bugscatcher.UserTests@5400db36]" name="tearDown" is-config="true" duration-ms="0" started-at="2018-06-06T10:45:38Z" description="Delete temp files" finished-at="2018-06-06T10:45:38Z">
          <reporter-output>
          </reporter-output>
        </test-method> <!-- tearDown -->
        <test-method status="PASS" signature="setUp()[pri:0, instance:com.github.bugscatcher.UserTests@5400db36]" name="setUp" is-config="true" duration-ms="5" started-at="2018-06-06T10:45:38Z" description="Configure temp files, base uri, base path and etc." finished-at="2018-06-06T10:45:38Z">
          <reporter-output>
          </reporter-output>
        </test-method> <!-- setUp -->
        <test-method status="PASS" signature="testListUsers_200(java.lang.String)[pri:0, instance:com.github.bugscatcher.UserTests@5400db36]" name="testListUsers_200" duration-ms="1105" started-at="2018-06-06T10:45:38Z" description="GET. LIST USERS." data-provider="listUsers_200" finished-at="2018-06-06T10:45:39Z">
          <params>
            <param index="0">
              <value>
                <![CDATA[2]]>
              </value>
            </param>
          </params>
          <reporter-output>
          </reporter-output>
        </test-method> <!-- testListUsers_200 -->
        <test-method status="PASS" signature="tearDown()[pri:0, instance:com.github.bugscatcher.UserTests@5400db36]" name="tearDown" is-config="true" duration-ms="0" started-at="2018-06-06T10:45:39Z" description="Delete temp files" finished-at="2018-06-06T10:45:39Z">
          <reporter-output>
          </reporter-output>
        </test-method> <!-- tearDown -->
        <test-method status="PASS" signature="setUp()[pri:0, instance:com.github.bugscatcher.UserTests@5400db36]" name="setUp" is-config="true" duration-ms="4" started-at="2018-06-06T10:45:39Z" description="Configure temp files, base uri, base path and etc." finished-at="2018-06-06T10:45:39Z">
          <reporter-output>
          </reporter-output>
        </test-method> <!-- setUp -->
        <test-method status="PASS" signature="testListUsers_200(java.lang.String)[pri:0, instance:com.github.bugscatcher.UserTests@5400db36]" name="testListUsers_200" duration-ms="1078" started-at="2018-06-06T10:45:39Z" description="GET. LIST USERS." data-provider="listUsers_200" finished-at="2018-06-06T10:45:40Z">
          <params>
            <param index="0">
              <value>
                <![CDATA[3]]>
              </value>
            </param>
          </params>
          <reporter-output>
          </reporter-output>
        </test-method> <!-- testListUsers_200 -->
        <test-method status="PASS" signature="tearDown()[pri:0, instance:com.github.bugscatcher.UserTests@5400db36]" name="tearDown" is-config="true" duration-ms="0" started-at="2018-06-06T10:45:40Z" description="Delete temp files" finished-at="2018-06-06T10:45:40Z">
          <reporter-output>
          </reporter-output>
        </test-method> <!-- tearDown -->
        <test-method status="PASS" signature="setUp()[pri:0, instance:com.github.bugscatcher.UserTests@5400db36]" name="setUp" is-config="true" duration-ms="4" started-at="2018-06-06T10:45:40Z" description="Configure temp files, base uri, base path and etc." finished-at="2018-06-06T10:45:40Z">
          <reporter-output>
          </reporter-output>
        </test-method> <!-- setUp -->
        <test-method status="PASS" signature="testListUsers_200(java.lang.String)[pri:0, instance:com.github.bugscatcher.UserTests@5400db36]" name="testListUsers_200" duration-ms="1078" started-at="2018-06-06T10:45:40Z" description="GET. LIST USERS." data-provider="listUsers_200" finished-at="2018-06-06T10:45:41Z">
          <params>
            <param index="0">
              <value>
                <![CDATA[100]]>
              </value>
            </param>
          </params>
          <reporter-output>
          </reporter-output>
        </test-method> <!-- testListUsers_200 -->
        <test-method status="PASS" signature="tearDown()[pri:0, instance:com.github.bugscatcher.UserTests@5400db36]" name="tearDown" is-config="true" duration-ms="0" started-at="2018-06-06T10:45:41Z" description="Delete temp files" finished-at="2018-06-06T10:45:41Z">
          <reporter-output>
          </reporter-output>
        </test-method> <!-- tearDown -->
        <test-method status="PASS" signature="setUp()[pri:0, instance:com.github.bugscatcher.UserTests@5400db36]" name="setUp" is-config="true" duration-ms="4" started-at="2018-06-06T10:45:41Z" description="Configure temp files, base uri, base path and etc." finished-at="2018-06-06T10:45:41Z">
          <reporter-output>
          </reporter-output>
        </test-method> <!-- setUp -->
        <test-method status="PASS" signature="testSingleUser_200(java.lang.String)[pri:0, instance:com.github.bugscatcher.UserTests@5400db36]" name="testSingleUser_200" duration-ms="1200" started-at="2018-06-06T10:45:41Z" description="GET. SINGLE USER." data-provider="singleUser_200" finished-at="2018-06-06T10:45:42Z">
          <params>
            <param index="0">
              <value>
                <![CDATA[1]]>
              </value>
            </param>
          </params>
          <reporter-output>
          </reporter-output>
        </test-method> <!-- testSingleUser_200 -->
        <test-method status="PASS" signature="tearDown()[pri:0, instance:com.github.bugscatcher.UserTests@5400db36]" name="tearDown" is-config="true" duration-ms="0" started-at="2018-06-06T10:45:42Z" description="Delete temp files" finished-at="2018-06-06T10:45:42Z">
          <reporter-output>
          </reporter-output>
        </test-method> <!-- tearDown -->
        <test-method status="PASS" signature="setUp()[pri:0, instance:com.github.bugscatcher.UserTests@5400db36]" name="setUp" is-config="true" duration-ms="7" started-at="2018-06-06T10:45:42Z" description="Configure temp files, base uri, base path and etc." finished-at="2018-06-06T10:45:42Z">
          <reporter-output>
          </reporter-output>
        </test-method> <!-- setUp -->
        <test-method status="PASS" signature="testSingleUser_200(java.lang.String)[pri:0, instance:com.github.bugscatcher.UserTests@5400db36]" name="testSingleUser_200" duration-ms="1180" started-at="2018-06-06T10:45:42Z" description="GET. SINGLE USER." data-provider="singleUser_200" finished-at="2018-06-06T10:45:44Z">
          <params>
            <param index="0">
              <value>
                <![CDATA[5]]>
              </value>
            </param>
          </params>
          <reporter-output>
          </reporter-output>
        </test-method> <!-- testSingleUser_200 -->
        <test-method status="PASS" signature="tearDown()[pri:0, instance:com.github.bugscatcher.UserTests@5400db36]" name="tearDown" is-config="true" duration-ms="1" started-at="2018-06-06T10:45:44Z" description="Delete temp files" finished-at="2018-06-06T10:45:44Z">
          <reporter-output>
          </reporter-output>
        </test-method> <!-- tearDown -->
        <test-method status="PASS" signature="setUp()[pri:0, instance:com.github.bugscatcher.UserTests@5400db36]" name="setUp" is-config="true" duration-ms="4" started-at="2018-06-06T10:45:44Z" description="Configure temp files, base uri, base path and etc." finished-at="2018-06-06T10:45:44Z">
          <reporter-output>
          </reporter-output>
        </test-method> <!-- setUp -->
        <test-method status="PASS" signature="testSingleUser_404(java.lang.String)[pri:0, instance:com.github.bugscatcher.UserTests@5400db36]" name="testSingleUser_404" duration-ms="1094" started-at="2018-06-06T10:45:44Z" description="GET. SINGLE USER (NOT FOUND)." data-provider="singleUser_404" finished-at="2018-06-06T10:45:45Z">
          <params>
            <param index="0">
              <value>
                <![CDATA[99]]>
              </value>
            </param>
          </params>
          <reporter-output>
          </reporter-output>
        </test-method> <!-- testSingleUser_404 -->
        <test-method status="PASS" signature="tearDown()[pri:0, instance:com.github.bugscatcher.UserTests@5400db36]" name="tearDown" is-config="true" duration-ms="0" started-at="2018-06-06T10:45:45Z" description="Delete temp files" finished-at="2018-06-06T10:45:45Z">
          <reporter-output>
          </reporter-output>
        </test-method> <!-- tearDown -->
        <test-method status="PASS" signature="setUp()[pri:0, instance:com.github.bugscatcher.UserTests@5400db36]" name="setUp" is-config="true" duration-ms="7" started-at="2018-06-06T10:45:45Z" description="Configure temp files, base uri, base path and etc." finished-at="2018-06-06T10:45:45Z">
          <reporter-output>
          </reporter-output>
        </test-method> <!-- setUp -->
        <test-method status="PASS" signature="testSingleUser_404(java.lang.String)[pri:0, instance:com.github.bugscatcher.UserTests@5400db36]" name="testSingleUser_404" duration-ms="1080" started-at="2018-06-06T10:45:45Z" description="GET. SINGLE USER (NOT FOUND)." data-provider="singleUser_404" finished-at="2018-06-06T10:45:46Z">
          <params>
            <param index="0">
              <value>
                <![CDATA[-100]]>
              </value>
            </param>
          </params>
          <reporter-output>
          </reporter-output>
        </test-method> <!-- testSingleUser_404 -->
        <test-method status="PASS" signature="tearDown()[pri:0, instance:com.github.bugscatcher.UserTests@5400db36]" name="tearDown" is-config="true" duration-ms="1" started-at="2018-06-06T10:45:46Z" description="Delete temp files" finished-at="2018-06-06T10:45:46Z">
          <reporter-output>
          </reporter-output>
        </test-method> <!-- tearDown -->
        <test-method status="PASS" signature="setUp()[pri:0, instance:com.github.bugscatcher.UserTests@5400db36]" name="setUp" is-config="true" duration-ms="4" started-at="2018-06-06T10:45:46Z" description="Configure temp files, base uri, base path and etc." finished-at="2018-06-06T10:45:46Z">
          <reporter-output>
          </reporter-output>
        </test-method> <!-- setUp -->
        <test-method status="PASS" signature="testUpdateUser_PATCH_200(java.lang.String, java.lang.String, java.lang.String)[pri:0, instance:com.github.bugscatcher.UserTests@5400db36]" name="testUpdateUser_PATCH_200" duration-ms="1066" started-at="2018-06-06T10:45:46Z" description="PATCH. UPDATE USER." data-provider="patchUser_200" finished-at="2018-06-06T10:45:47Z">
          <params>
            <param index="0">
              <value>
                <![CDATA[1]]>
              </value>
            </param>
            <param index="1">
              <value>
                <![CDATA[Ainur]]>
              </value>
            </param>
            <param index="2">
              <value>
                <![CDATA[CEO]]>
              </value>
            </param>
          </params>
          <reporter-output>
          </reporter-output>
        </test-method> <!-- testUpdateUser_PATCH_200 -->
        <test-method status="PASS" signature="tearDown()[pri:0, instance:com.github.bugscatcher.UserTests@5400db36]" name="tearDown" is-config="true" duration-ms="0" started-at="2018-06-06T10:45:47Z" description="Delete temp files" finished-at="2018-06-06T10:45:47Z">
          <reporter-output>
          </reporter-output>
        </test-method> <!-- tearDown -->
        <test-method status="PASS" signature="setUp()[pri:0, instance:com.github.bugscatcher.UserTests@5400db36]" name="setUp" is-config="true" duration-ms="6" started-at="2018-06-06T10:45:47Z" description="Configure temp files, base uri, base path and etc." finished-at="2018-06-06T10:45:47Z">
          <reporter-output>
          </reporter-output>
        </test-method> <!-- setUp -->
        <test-method status="PASS" signature="testUpdateUser_PATCH_200(java.lang.String, java.lang.String, java.lang.String)[pri:0, instance:com.github.bugscatcher.UserTests@5400db36]" name="testUpdateUser_PATCH_200" duration-ms="1094" started-at="2018-06-06T10:45:47Z" description="PATCH. UPDATE USER." data-provider="patchUser_200" finished-at="2018-06-06T10:45:48Z">
          <params>
            <param index="0">
              <value>
                <![CDATA[2]]>
              </value>
            </param>
            <param index="1">
              <value>
                <![CDATA[Alexander]]>
              </value>
            </param>
            <param index="2">
              <value is-null="true"/>
            </param>
          </params>
          <reporter-output>
          </reporter-output>
        </test-method> <!-- testUpdateUser_PATCH_200 -->
        <test-method status="PASS" signature="tearDown()[pri:0, instance:com.github.bugscatcher.UserTests@5400db36]" name="tearDown" is-config="true" duration-ms="1" started-at="2018-06-06T10:45:48Z" description="Delete temp files" finished-at="2018-06-06T10:45:48Z">
          <reporter-output>
          </reporter-output>
        </test-method> <!-- tearDown -->
        <test-method status="PASS" signature="setUp()[pri:0, instance:com.github.bugscatcher.UserTests@5400db36]" name="setUp" is-config="true" duration-ms="6" started-at="2018-06-06T10:45:48Z" description="Configure temp files, base uri, base path and etc." finished-at="2018-06-06T10:45:48Z">
          <reporter-output>
          </reporter-output>
        </test-method> <!-- setUp -->
        <test-method status="PASS" signature="testUpdateUser_PATCH_200(java.lang.String, java.lang.String, java.lang.String)[pri:0, instance:com.github.bugscatcher.UserTests@5400db36]" name="testUpdateUser_PATCH_200" duration-ms="1093" started-at="2018-06-06T10:45:48Z" description="PATCH. UPDATE USER." data-provider="patchUser_200" finished-at="2018-06-06T10:45:49Z">
          <params>
            <param index="0">
              <value>
                <![CDATA[3]]>
              </value>
            </param>
            <param index="1">
              <value>
                <![CDATA[Nicholas]]>
              </value>
            </param>
            <param index="2">
              <value>
                <![CDATA[]]>
              </value>
            </param>
          </params>
          <reporter-output>
          </reporter-output>
        </test-method> <!-- testUpdateUser_PATCH_200 -->
        <test-method status="PASS" signature="tearDown()[pri:0, instance:com.github.bugscatcher.UserTests@5400db36]" name="tearDown" is-config="true" duration-ms="0" started-at="2018-06-06T10:45:49Z" description="Delete temp files" finished-at="2018-06-06T10:45:49Z">
          <reporter-output>
          </reporter-output>
        </test-method> <!-- tearDown -->
        <test-method status="PASS" signature="setUp()[pri:0, instance:com.github.bugscatcher.UserTests@5400db36]" name="setUp" is-config="true" duration-ms="3" started-at="2018-06-06T10:45:49Z" description="Configure temp files, base uri, base path and etc." finished-at="2018-06-06T10:45:49Z">
          <reporter-output>
          </reporter-output>
        </test-method> <!-- setUp -->
        <test-method status="PASS" signature="testUpdateUser_PATCH_200(java.lang.String, java.lang.String, java.lang.String)[pri:0, instance:com.github.bugscatcher.UserTests@5400db36]" name="testUpdateUser_PATCH_200" duration-ms="1089" started-at="2018-06-06T10:45:49Z" description="PATCH. UPDATE USER." data-provider="patchUser_200" finished-at="2018-06-06T10:45:50Z">
          <params>
            <param index="0">
              <value>
                <![CDATA[4]]>
              </value>
            </param>
            <param index="1">
              <value is-null="true"/>
            </param>
            <param index="2">
              <value>
                <![CDATA[Mobile Developer]]>
              </value>
            </param>
          </params>
          <reporter-output>
          </reporter-output>
        </test-method> <!-- testUpdateUser_PATCH_200 -->
        <test-method status="PASS" signature="tearDown()[pri:0, instance:com.github.bugscatcher.UserTests@5400db36]" name="tearDown" is-config="true" duration-ms="0" started-at="2018-06-06T10:45:50Z" description="Delete temp files" finished-at="2018-06-06T10:45:50Z">
          <reporter-output>
          </reporter-output>
        </test-method> <!-- tearDown -->
        <test-method status="PASS" signature="setUp()[pri:0, instance:com.github.bugscatcher.UserTests@5400db36]" name="setUp" is-config="true" duration-ms="6" started-at="2018-06-06T10:45:50Z" description="Configure temp files, base uri, base path and etc." finished-at="2018-06-06T10:45:50Z">
          <reporter-output>
          </reporter-output>
        </test-method> <!-- setUp -->
        <test-method status="PASS" signature="testUpdateUser_PATCH_200(java.lang.String, java.lang.String, java.lang.String)[pri:0, instance:com.github.bugscatcher.UserTests@5400db36]" name="testUpdateUser_PATCH_200" duration-ms="1067" started-at="2018-06-06T10:45:50Z" description="PATCH. UPDATE USER." data-provider="patchUser_200" finished-at="2018-06-06T10:45:51Z">
          <params>
            <param index="0">
              <value>
                <![CDATA[5]]>
              </value>
            </param>
            <param index="1">
              <value>
                <![CDATA[]]>
              </value>
            </param>
            <param index="2">
              <value>
                <![CDATA[Software Engineer]]>
              </value>
            </param>
          </params>
          <reporter-output>
          </reporter-output>
        </test-method> <!-- testUpdateUser_PATCH_200 -->
        <test-method status="PASS" signature="tearDown()[pri:0, instance:com.github.bugscatcher.UserTests@5400db36]" name="tearDown" is-config="true" duration-ms="0" started-at="2018-06-06T10:45:51Z" description="Delete temp files" finished-at="2018-06-06T10:45:51Z">
          <reporter-output>
          </reporter-output>
        </test-method> <!-- tearDown -->
        <test-method status="PASS" signature="setUp()[pri:0, instance:com.github.bugscatcher.UserTests@5400db36]" name="setUp" is-config="true" duration-ms="4" started-at="2018-06-06T10:45:51Z" description="Configure temp files, base uri, base path and etc." finished-at="2018-06-06T10:45:51Z">
          <reporter-output>
          </reporter-output>
        </test-method> <!-- setUp -->
        <test-method status="PASS" signature="testUpdateUser_PUT_200(java.lang.String, java.lang.String, java.lang.String)[pri:0, instance:com.github.bugscatcher.UserTests@5400db36]" name="testUpdateUser_PUT_200" duration-ms="1085" started-at="2018-06-06T10:45:51Z" description="PUT. UPDATE USER." data-provider="updateUser_200" finished-at="2018-06-06T10:45:52Z">
          <params>
            <param index="0">
              <value>
                <![CDATA[1]]>
              </value>
            </param>
            <param index="1">
              <value>
                <![CDATA[Ainur]]>
              </value>
            </param>
            <param index="2">
              <value>
                <![CDATA[Chairman]]>
              </value>
            </param>
          </params>
          <reporter-output>
          </reporter-output>
        </test-method> <!-- testUpdateUser_PUT_200 -->
        <test-method status="PASS" signature="tearDown()[pri:0, instance:com.github.bugscatcher.UserTests@5400db36]" name="tearDown" is-config="true" duration-ms="0" started-at="2018-06-06T10:45:52Z" description="Delete temp files" finished-at="2018-06-06T10:45:52Z">
          <reporter-output>
          </reporter-output>
        </test-method> <!-- tearDown -->
        <test-method status="PASS" signature="setUp()[pri:0, instance:com.github.bugscatcher.UserTests@5400db36]" name="setUp" is-config="true" duration-ms="10" started-at="2018-06-06T10:45:52Z" description="Configure temp files, base uri, base path and etc." finished-at="2018-06-06T10:45:52Z">
          <reporter-output>
          </reporter-output>
        </test-method> <!-- setUp -->
        <test-method status="PASS" signature="testUpdateUser_PUT_200(java.lang.String, java.lang.String, java.lang.String)[pri:0, instance:com.github.bugscatcher.UserTests@5400db36]" name="testUpdateUser_PUT_200" duration-ms="1088" started-at="2018-06-06T10:45:52Z" description="PUT. UPDATE USER." data-provider="updateUser_200" finished-at="2018-06-06T10:45:54Z">
          <params>
            <param index="0">
              <value>
                <![CDATA[2]]>
              </value>
            </param>
            <param index="1">
              <value>
                <![CDATA[Jacob]]>
              </value>
            </param>
            <param index="2">
              <value is-null="true"/>
            </param>
          </params>
          <reporter-output>
          </reporter-output>
        </test-method> <!-- testUpdateUser_PUT_200 -->
        <test-method status="PASS" signature="tearDown()[pri:0, instance:com.github.bugscatcher.UserTests@5400db36]" name="tearDown" is-config="true" duration-ms="0" started-at="2018-06-06T10:45:54Z" description="Delete temp files" finished-at="2018-06-06T10:45:54Z">
          <reporter-output>
          </reporter-output>
        </test-method> <!-- tearDown -->
        <test-method status="PASS" signature="setUp()[pri:0, instance:com.github.bugscatcher.UserTests@5400db36]" name="setUp" is-config="true" duration-ms="6" started-at="2018-06-06T10:45:54Z" description="Configure temp files, base uri, base path and etc." finished-at="2018-06-06T10:45:54Z">
          <reporter-output>
          </reporter-output>
        </test-method> <!-- setUp -->
        <test-method status="PASS" signature="testUpdateUser_PUT_200(java.lang.String, java.lang.String, java.lang.String)[pri:0, instance:com.github.bugscatcher.UserTests@5400db36]" name="testUpdateUser_PUT_200" duration-ms="1057" started-at="2018-06-06T10:45:54Z" description="PUT. UPDATE USER." data-provider="updateUser_200" finished-at="2018-06-06T10:45:55Z">
          <params>
            <param index="0">
              <value>
                <![CDATA[3]]>
              </value>
            </param>
            <param index="1">
              <value>
                <![CDATA[Michael]]>
              </value>
            </param>
            <param index="2">
              <value>
                <![CDATA[]]>
              </value>
            </param>
          </params>
          <reporter-output>
          </reporter-output>
        </test-method> <!-- testUpdateUser_PUT_200 -->
        <test-method status="PASS" signature="tearDown()[pri:0, instance:com.github.bugscatcher.UserTests@5400db36]" name="tearDown" is-config="true" duration-ms="0" started-at="2018-06-06T10:45:55Z" description="Delete temp files" finished-at="2018-06-06T10:45:55Z">
          <reporter-output>
          </reporter-output>
        </test-method> <!-- tearDown -->
        <test-method status="PASS" signature="setUp()[pri:0, instance:com.github.bugscatcher.UserTests@5400db36]" name="setUp" is-config="true" duration-ms="4" started-at="2018-06-06T10:45:55Z" description="Configure temp files, base uri, base path and etc." finished-at="2018-06-06T10:45:55Z">
          <reporter-output>
          </reporter-output>
        </test-method> <!-- setUp -->
        <test-method status="PASS" signature="testUpdateUser_PUT_200(java.lang.String, java.lang.String, java.lang.String)[pri:0, instance:com.github.bugscatcher.UserTests@5400db36]" name="testUpdateUser_PUT_200" duration-ms="1068" started-at="2018-06-06T10:45:55Z" description="PUT. UPDATE USER." data-provider="updateUser_200" finished-at="2018-06-06T10:45:56Z">
          <params>
            <param index="0">
              <value>
                <![CDATA[4]]>
              </value>
            </param>
            <param index="1">
              <value is-null="true"/>
            </param>
            <param index="2">
              <value>
                <![CDATA[Software Architect]]>
              </value>
            </param>
          </params>
          <reporter-output>
          </reporter-output>
        </test-method> <!-- testUpdateUser_PUT_200 -->
        <test-method status="PASS" signature="tearDown()[pri:0, instance:com.github.bugscatcher.UserTests@5400db36]" name="tearDown" is-config="true" duration-ms="0" started-at="2018-06-06T10:45:56Z" description="Delete temp files" finished-at="2018-06-06T10:45:56Z">
          <reporter-output>
          </reporter-output>
        </test-method> <!-- tearDown -->
        <test-method status="PASS" signature="setUp()[pri:0, instance:com.github.bugscatcher.UserTests@5400db36]" name="setUp" is-config="true" duration-ms="4" started-at="2018-06-06T10:45:56Z" description="Configure temp files, base uri, base path and etc." finished-at="2018-06-06T10:45:56Z">
          <reporter-output>
          </reporter-output>
        </test-method> <!-- setUp -->
        <test-method status="PASS" signature="testUpdateUser_PUT_200(java.lang.String, java.lang.String, java.lang.String)[pri:0, instance:com.github.bugscatcher.UserTests@5400db36]" name="testUpdateUser_PUT_200" duration-ms="1089" started-at="2018-06-06T10:45:56Z" description="PUT. UPDATE USER." data-provider="updateUser_200" finished-at="2018-06-06T10:45:57Z">
          <params>
            <param index="0">
              <value>
                <![CDATA[5]]>
              </value>
            </param>
            <param index="1">
              <value>
                <![CDATA[]]>
              </value>
            </param>
            <param index="2">
              <value>
                <![CDATA[UX Designer]]>
              </value>
            </param>
          </params>
          <reporter-output>
          </reporter-output>
        </test-method> <!-- testUpdateUser_PUT_200 -->
        <test-method status="PASS" signature="tearDown()[pri:0, instance:com.github.bugscatcher.UserTests@5400db36]" name="tearDown" is-config="true" duration-ms="1" started-at="2018-06-06T10:45:57Z" description="Delete temp files" finished-at="2018-06-06T10:45:57Z">
          <reporter-output>
          </reporter-output>
        </test-method> <!-- tearDown -->
      </class> <!-- com.github.bugscatcher.UserTests -->
    </test> <!-- User Tests -->
    <test name="Register Tests" duration-ms="6840" started-at="2018-06-06T10:45:57Z" finished-at="2018-06-06T10:46:04Z">
      <class name="com.github.bugscatcher.RegisterTests">
        <test-method status="PASS" signature="setUp()[pri:0, instance:com.github.bugscatcher.RegisterTests@2b5cb9b2]" name="setUp" is-config="true" duration-ms="4" started-at="2018-06-06T10:45:57Z" description="Configure temp files, base uri, base path and etc." finished-at="2018-06-06T10:45:57Z">
          <reporter-output>
          </reporter-output>
        </test-method> <!-- setUp -->
        <test-method status="PASS" signature="testRegister_201(java.lang.String, java.lang.String)[pri:0, instance:com.github.bugscatcher.RegisterTests@2b5cb9b2]" name="testRegister_201" duration-ms="1097" started-at="2018-06-06T10:45:57Z" description="POST. REGISTER (SUCCESSFUL)." data-provider="registerUser" finished-at="2018-06-06T10:45:58Z">
          <params>
            <param index="0">
              <value>
                <![CDATA[inurrick@gmail.com]]>
              </value>
            </param>
            <param index="1">
              <value>
                <![CDATA[c7NPkr0VSh8tdKxo3qx3]]>
              </value>
            </param>
          </params>
          <reporter-output>
          </reporter-output>
        </test-method> <!-- testRegister_201 -->
        <test-method status="PASS" signature="tearDown()[pri:0, instance:com.github.bugscatcher.RegisterTests@2b5cb9b2]" name="tearDown" is-config="true" duration-ms="1" started-at="2018-06-06T10:45:58Z" description="Delete temp files" finished-at="2018-06-06T10:45:58Z">
          <reporter-output>
          </reporter-output>
        </test-method> <!-- tearDown -->
        <test-method status="PASS" signature="setUp()[pri:0, instance:com.github.bugscatcher.RegisterTests@2b5cb9b2]" name="setUp" is-config="true" duration-ms="8" started-at="2018-06-06T10:45:58Z" description="Configure temp files, base uri, base path and etc." finished-at="2018-06-06T10:45:58Z">
          <reporter-output>
          </reporter-output>
        </test-method> <!-- setUp -->
        <test-method status="PASS" signature="testRegister_201(java.lang.String, java.lang.String)[pri:0, instance:com.github.bugscatcher.RegisterTests@2b5cb9b2]" name="testRegister_201" duration-ms="1077" started-at="2018-06-06T10:45:58Z" description="POST. REGISTER (SUCCESSFUL)." data-provider="registerUser" finished-at="2018-06-06T10:45:59Z">
          <params>
            <param index="0">
              <value>
                <![CDATA[inurrick]]>
              </value>
            </param>
            <param index="1">
              <value>
                <![CDATA[nzkg8vGdbBmePJvEtm8I]]>
              </value>
            </param>
          </params>
          <reporter-output>
          </reporter-output>
        </test-method> <!-- testRegister_201 -->
        <test-method status="PASS" signature="tearDown()[pri:0, instance:com.github.bugscatcher.RegisterTests@2b5cb9b2]" name="tearDown" is-config="true" duration-ms="0" started-at="2018-06-06T10:45:59Z" description="Delete temp files" finished-at="2018-06-06T10:45:59Z">
          <reporter-output>
          </reporter-output>
        </test-method> <!-- tearDown -->
        <test-method status="PASS" signature="setUp()[pri:0, instance:com.github.bugscatcher.RegisterTests@2b5cb9b2]" name="setUp" is-config="true" duration-ms="3" started-at="2018-06-06T10:45:59Z" description="Configure temp files, base uri, base path and etc." finished-at="2018-06-06T10:45:59Z">
          <reporter-output>
          </reporter-output>
        </test-method> <!-- setUp -->
        <test-method status="PASS" signature="testRegister_400_1(java.lang.String, java.lang.String)[pri:0, instance:com.github.bugscatcher.RegisterTests@2b5cb9b2]" name="testRegister_400_1" duration-ms="1067" started-at="2018-06-06T10:45:59Z" description="POST. REGISTER (UNSUCCESSFUL)." data-provider="registerUser" finished-at="2018-06-06T10:46:00Z">
          <params>
            <param index="0">
              <value>
                <![CDATA[inurrick@gmail.com]]>
              </value>
            </param>
            <param index="1">
              <value>
                <![CDATA[c7NPkr0VSh8tdKxo3qx3]]>
              </value>
            </param>
          </params>
          <reporter-output>
          </reporter-output>
        </test-method> <!-- testRegister_400_1 -->
        <test-method status="PASS" signature="tearDown()[pri:0, instance:com.github.bugscatcher.RegisterTests@2b5cb9b2]" name="tearDown" is-config="true" duration-ms="0" started-at="2018-06-06T10:46:00Z" description="Delete temp files" finished-at="2018-06-06T10:46:00Z">
          <reporter-output>
          </reporter-output>
        </test-method> <!-- tearDown -->
        <test-method status="PASS" signature="setUp()[pri:0, instance:com.github.bugscatcher.RegisterTests@2b5cb9b2]" name="setUp" is-config="true" duration-ms="4" started-at="2018-06-06T10:46:00Z" description="Configure temp files, base uri, base path and etc." finished-at="2018-06-06T10:46:00Z">
          <reporter-output>
          </reporter-output>
        </test-method> <!-- setUp -->
        <test-method status="PASS" signature="testRegister_400_1(java.lang.String, java.lang.String)[pri:0, instance:com.github.bugscatcher.RegisterTests@2b5cb9b2]" name="testRegister_400_1" duration-ms="1060" started-at="2018-06-06T10:46:00Z" description="POST. REGISTER (UNSUCCESSFUL)." data-provider="registerUser" finished-at="2018-06-06T10:46:01Z">
          <params>
            <param index="0">
              <value>
                <![CDATA[inurrick]]>
              </value>
            </param>
            <param index="1">
              <value>
                <![CDATA[nzkg8vGdbBmePJvEtm8I]]>
              </value>
            </param>
          </params>
          <reporter-output>
          </reporter-output>
        </test-method> <!-- testRegister_400_1 -->
        <test-method status="PASS" signature="tearDown()[pri:0, instance:com.github.bugscatcher.RegisterTests@2b5cb9b2]" name="tearDown" is-config="true" duration-ms="0" started-at="2018-06-06T10:46:01Z" description="Delete temp files" finished-at="2018-06-06T10:46:01Z">
          <reporter-output>
          </reporter-output>
        </test-method> <!-- tearDown -->
        <test-method status="PASS" signature="setUp()[pri:0, instance:com.github.bugscatcher.RegisterTests@2b5cb9b2]" name="setUp" is-config="true" duration-ms="5" started-at="2018-06-06T10:46:01Z" description="Configure temp files, base uri, base path and etc." finished-at="2018-06-06T10:46:01Z">
          <reporter-output>
          </reporter-output>
        </test-method> <!-- setUp -->
        <test-method status="PASS" signature="testRegister_400_2(java.lang.String, java.lang.String)[pri:0, instance:com.github.bugscatcher.RegisterTests@2b5cb9b2]" name="testRegister_400_2" duration-ms="1074" started-at="2018-06-06T10:46:01Z" description="POST. REGISTER (UNSUCCESSFUL)." data-provider="registerUser" finished-at="2018-06-06T10:46:02Z">
          <params>
            <param index="0">
              <value>
                <![CDATA[inurrick@gmail.com]]>
              </value>
            </param>
            <param index="1">
              <value>
                <![CDATA[c7NPkr0VSh8tdKxo3qx3]]>
              </value>
            </param>
          </params>
          <reporter-output>
          </reporter-output>
        </test-method> <!-- testRegister_400_2 -->
        <test-method status="PASS" signature="tearDown()[pri:0, instance:com.github.bugscatcher.RegisterTests@2b5cb9b2]" name="tearDown" is-config="true" duration-ms="0" started-at="2018-06-06T10:46:02Z" description="Delete temp files" finished-at="2018-06-06T10:46:02Z">
          <reporter-output>
          </reporter-output>
        </test-method> <!-- tearDown -->
        <test-method status="PASS" signature="setUp()[pri:0, instance:com.github.bugscatcher.RegisterTests@2b5cb9b2]" name="setUp" is-config="true" duration-ms="5" started-at="2018-06-06T10:46:02Z" description="Configure temp files, base uri, base path and etc." finished-at="2018-06-06T10:46:02Z">
          <reporter-output>
          </reporter-output>
        </test-method> <!-- setUp -->
        <test-method status="PASS" signature="testRegister_400_2(java.lang.String, java.lang.String)[pri:0, instance:com.github.bugscatcher.RegisterTests@2b5cb9b2]" name="testRegister_400_2" duration-ms="1279" started-at="2018-06-06T10:46:02Z" description="POST. REGISTER (UNSUCCESSFUL)." data-provider="registerUser" finished-at="2018-06-06T10:46:04Z">
          <params>
            <param index="0">
              <value>
                <![CDATA[inurrick]]>
              </value>
            </param>
            <param index="1">
              <value>
                <![CDATA[nzkg8vGdbBmePJvEtm8I]]>
              </value>
            </param>
          </params>
          <reporter-output>
          </reporter-output>
        </test-method> <!-- testRegister_400_2 -->
        <test-method status="PASS" signature="tearDown()[pri:0, instance:com.github.bugscatcher.RegisterTests@2b5cb9b2]" name="tearDown" is-config="true" duration-ms="0" started-at="2018-06-06T10:46:04Z" description="Delete temp files" finished-at="2018-06-06T10:46:04Z">
          <reporter-output>
          </reporter-output>
        </test-method> <!-- tearDown -->
      </class> <!-- com.github.bugscatcher.RegisterTests -->
    </test> <!-- Register Tests -->
    <test name="Login Tests" duration-ms="6730" started-at="2018-06-06T10:46:04Z" finished-at="2018-06-06T10:46:11Z">
      <class name="com.github.bugscatcher.LoginTests">
        <test-method status="PASS" signature="setUp()[pri:0, instance:com.github.bugscatcher.LoginTests@6d511b5f]" name="setUp" is-config="true" duration-ms="4" started-at="2018-06-06T10:46:04Z" description="Configure temp files, base uri, base path and etc." finished-at="2018-06-06T10:46:04Z">
          <reporter-output>
          </reporter-output>
        </test-method> <!-- setUp -->
        <test-method status="PASS" signature="testLogin_200(java.lang.String, java.lang.String)[pri:0, instance:com.github.bugscatcher.LoginTests@6d511b5f]" name="testLogin_200" duration-ms="1101" started-at="2018-06-06T10:46:04Z" description="POST. LOGIN (SUCCESSFUL)." data-provider="registerUser" finished-at="2018-06-06T10:46:05Z">
          <params>
            <param index="0">
              <value>
                <![CDATA[inurrick@gmail.com]]>
              </value>
            </param>
            <param index="1">
              <value>
                <![CDATA[c7NPkr0VSh8tdKxo3qx3]]>
              </value>
            </param>
          </params>
          <reporter-output>
          </reporter-output>
        </test-method> <!-- testLogin_200 -->
        <test-method status="PASS" signature="tearDown()[pri:0, instance:com.github.bugscatcher.LoginTests@6d511b5f]" name="tearDown" is-config="true" duration-ms="0" started-at="2018-06-06T10:46:05Z" description="Delete temp files" finished-at="2018-06-06T10:46:05Z">
          <reporter-output>
          </reporter-output>
        </test-method> <!-- tearDown -->
        <test-method status="PASS" signature="setUp()[pri:0, instance:com.github.bugscatcher.LoginTests@6d511b5f]" name="setUp" is-config="true" duration-ms="12" started-at="2018-06-06T10:46:05Z" description="Configure temp files, base uri, base path and etc." finished-at="2018-06-06T10:46:05Z">
          <reporter-output>
          </reporter-output>
        </test-method> <!-- setUp -->
        <test-method status="PASS" signature="testLogin_200(java.lang.String, java.lang.String)[pri:0, instance:com.github.bugscatcher.LoginTests@6d511b5f]" name="testLogin_200" duration-ms="1058" started-at="2018-06-06T10:46:05Z" description="POST. LOGIN (SUCCESSFUL)." data-provider="registerUser" finished-at="2018-06-06T10:46:06Z">
          <params>
            <param index="0">
              <value>
                <![CDATA[inurrick]]>
              </value>
            </param>
            <param index="1">
              <value>
                <![CDATA[nzkg8vGdbBmePJvEtm8I]]>
              </value>
            </param>
          </params>
          <reporter-output>
          </reporter-output>
        </test-method> <!-- testLogin_200 -->
        <test-method status="PASS" signature="tearDown()[pri:0, instance:com.github.bugscatcher.LoginTests@6d511b5f]" name="tearDown" is-config="true" duration-ms="0" started-at="2018-06-06T10:46:06Z" description="Delete temp files" finished-at="2018-06-06T10:46:06Z">
          <reporter-output>
          </reporter-output>
        </test-method> <!-- tearDown -->
        <test-method status="PASS" signature="setUp()[pri:0, instance:com.github.bugscatcher.LoginTests@6d511b5f]" name="setUp" is-config="true" duration-ms="4" started-at="2018-06-06T10:46:06Z" description="Configure temp files, base uri, base path and etc." finished-at="2018-06-06T10:46:06Z">
          <reporter-output>
          </reporter-output>
        </test-method> <!-- setUp -->
        <test-method status="PASS" signature="testLogin_400_1(java.lang.String, java.lang.String)[pri:0, instance:com.github.bugscatcher.LoginTests@6d511b5f]" name="testLogin_400_1" duration-ms="1089" started-at="2018-06-06T10:46:06Z" description="POST. LOGIN (UNSUCCESSFUL)." data-provider="registerUser" finished-at="2018-06-06T10:46:07Z">
          <params>
            <param index="0">
              <value>
                <![CDATA[inurrick@gmail.com]]>
              </value>
            </param>
            <param index="1">
              <value>
                <![CDATA[c7NPkr0VSh8tdKxo3qx3]]>
              </value>
            </param>
          </params>
          <reporter-output>
          </reporter-output>
        </test-method> <!-- testLogin_400_1 -->
        <test-method status="PASS" signature="tearDown()[pri:0, instance:com.github.bugscatcher.LoginTests@6d511b5f]" name="tearDown" is-config="true" duration-ms="0" started-at="2018-06-06T10:46:07Z" description="Delete temp files" finished-at="2018-06-06T10:46:07Z">
          <reporter-output>
          </reporter-output>
        </test-method> <!-- tearDown -->
        <test-method status="PASS" signature="setUp()[pri:0, instance:com.github.bugscatcher.LoginTests@6d511b5f]" name="setUp" is-config="true" duration-ms="7" started-at="2018-06-06T10:46:07Z" description="Configure temp files, base uri, base path and etc." finished-at="2018-06-06T10:46:07Z">
          <reporter-output>
          </reporter-output>
        </test-method> <!-- setUp -->
        <test-method status="PASS" signature="testLogin_400_1(java.lang.String, java.lang.String)[pri:0, instance:com.github.bugscatcher.LoginTests@6d511b5f]" name="testLogin_400_1" duration-ms="1053" started-at="2018-06-06T10:46:07Z" description="POST. LOGIN (UNSUCCESSFUL)." data-provider="registerUser" finished-at="2018-06-06T10:46:08Z">
          <params>
            <param index="0">
              <value>
                <![CDATA[inurrick]]>
              </value>
            </param>
            <param index="1">
              <value>
                <![CDATA[nzkg8vGdbBmePJvEtm8I]]>
              </value>
            </param>
          </params>
          <reporter-output>
          </reporter-output>
        </test-method> <!-- testLogin_400_1 -->
        <test-method status="PASS" signature="tearDown()[pri:0, instance:com.github.bugscatcher.LoginTests@6d511b5f]" name="tearDown" is-config="true" duration-ms="0" started-at="2018-06-06T10:46:08Z" description="Delete temp files" finished-at="2018-06-06T10:46:08Z">
          <reporter-output>
          </reporter-output>
        </test-method> <!-- tearDown -->
        <test-method status="PASS" signature="setUp()[pri:0, instance:com.github.bugscatcher.LoginTests@6d511b5f]" name="setUp" is-config="true" duration-ms="5" started-at="2018-06-06T10:46:08Z" description="Configure temp files, base uri, base path and etc." finished-at="2018-06-06T10:46:08Z">
          <reporter-output>
          </reporter-output>
        </test-method> <!-- setUp -->
        <test-method status="PASS" signature="testLogin_400_2(java.lang.String, java.lang.String)[pri:0, instance:com.github.bugscatcher.LoginTests@6d511b5f]" name="testLogin_400_2" duration-ms="1151" started-at="2018-06-06T10:46:08Z" description="POST. LOGIN (UNSUCCESSFUL)." data-provider="registerUser" finished-at="2018-06-06T10:46:09Z">
          <params>
            <param index="0">
              <value>
                <![CDATA[inurrick@gmail.com]]>
              </value>
            </param>
            <param index="1">
              <value>
                <![CDATA[c7NPkr0VSh8tdKxo3qx3]]>
              </value>
            </param>
          </params>
          <reporter-output>
          </reporter-output>
        </test-method> <!-- testLogin_400_2 -->
        <test-method status="PASS" signature="tearDown()[pri:0, instance:com.github.bugscatcher.LoginTests@6d511b5f]" name="tearDown" is-config="true" duration-ms="0" started-at="2018-06-06T10:46:09Z" description="Delete temp files" finished-at="2018-06-06T10:46:09Z">
          <reporter-output>
          </reporter-output>
        </test-method> <!-- tearDown -->
        <test-method status="PASS" signature="setUp()[pri:0, instance:com.github.bugscatcher.LoginTests@6d511b5f]" name="setUp" is-config="true" duration-ms="5" started-at="2018-06-06T10:46:09Z" description="Configure temp files, base uri, base path and etc." finished-at="2018-06-06T10:46:09Z">
          <reporter-output>
          </reporter-output>
        </test-method> <!-- setUp -->
        <test-method status="PASS" signature="testLogin_400_2(java.lang.String, java.lang.String)[pri:0, instance:com.github.bugscatcher.LoginTests@6d511b5f]" name="testLogin_400_2" duration-ms="1082" started-at="2018-06-06T10:46:09Z" description="POST. LOGIN (UNSUCCESSFUL)." data-provider="registerUser" finished-at="2018-06-06T10:46:11Z">
          <params>
            <param index="0">
              <value>
                <![CDATA[inurrick]]>
              </value>
            </param>
            <param index="1">
              <value>
                <![CDATA[nzkg8vGdbBmePJvEtm8I]]>
              </value>
            </param>
          </params>
          <reporter-output>
          </reporter-output>
        </test-method> <!-- testLogin_400_2 -->
        <test-method status="PASS" signature="tearDown()[pri:0, instance:com.github.bugscatcher.LoginTests@6d511b5f]" name="tearDown" is-config="true" duration-ms="1" started-at="2018-06-06T10:46:11Z" description="Delete temp files" finished-at="2018-06-06T10:46:11Z">
          <reporter-output>
          </reporter-output>
        </test-method> <!-- tearDown -->
      </class> <!-- com.github.bugscatcher.LoginTests -->
    </test> <!-- Login Tests -->
    <test name="Resource Tests" duration-ms="8030" started-at="2018-06-06T10:46:11Z" finished-at="2018-06-06T10:46:19Z">
      <class name="com.github.bugscatcher.ResourceTests">
        <test-method status="PASS" signature="setUp()[pri:0, instance:com.github.bugscatcher.ResourceTests@7a0e1b5e]" name="setUp" is-config="true" duration-ms="4" started-at="2018-06-06T10:46:11Z" description="Configure temp files, base uri, base path and etc." finished-at="2018-06-06T10:46:11Z">
          <reporter-output>
          </reporter-output>
        </test-method> <!-- setUp -->
        <test-method status="PASS" signature="testListResource_200(java.lang.String)[pri:0, instance:com.github.bugscatcher.ResourceTests@7a0e1b5e]" name="testListResource_200" duration-ms="1281" started-at="2018-06-06T10:46:11Z" description="GET. LIST RESOURCES." data-provider="listResources_200" finished-at="2018-06-06T10:46:12Z">
          <params>
            <param index="0">
              <value>
                <![CDATA[1]]>
              </value>
            </param>
          </params>
          <reporter-output>
          </reporter-output>
        </test-method> <!-- testListResource_200 -->
        <test-method status="PASS" signature="tearDown()[pri:0, instance:com.github.bugscatcher.ResourceTests@7a0e1b5e]" name="tearDown" is-config="true" duration-ms="1" started-at="2018-06-06T10:46:12Z" description="Delete temp files" finished-at="2018-06-06T10:46:12Z">
          <reporter-output>
          </reporter-output>
        </test-method> <!-- tearDown -->
        <test-method status="PASS" signature="setUp()[pri:0, instance:com.github.bugscatcher.ResourceTests@7a0e1b5e]" name="setUp" is-config="true" duration-ms="4" started-at="2018-06-06T10:46:12Z" description="Configure temp files, base uri, base path and etc." finished-at="2018-06-06T10:46:12Z">
          <reporter-output>
          </reporter-output>
        </test-method> <!-- setUp -->
        <test-method status="PASS" signature="testListResource_200(java.lang.String)[pri:0, instance:com.github.bugscatcher.ResourceTests@7a0e1b5e]" name="testListResource_200" duration-ms="1093" started-at="2018-06-06T10:46:12Z" description="GET. LIST RESOURCES." data-provider="listResources_200" finished-at="2018-06-06T10:46:13Z">
          <params>
            <param index="0">
              <value>
                <![CDATA[2]]>
              </value>
            </param>
          </params>
          <reporter-output>
          </reporter-output>
        </test-method> <!-- testListResource_200 -->
        <test-method status="PASS" signature="tearDown()[pri:0, instance:com.github.bugscatcher.ResourceTests@7a0e1b5e]" name="tearDown" is-config="true" duration-ms="1" started-at="2018-06-06T10:46:13Z" description="Delete temp files" finished-at="2018-06-06T10:46:13Z">
          <reporter-output>
          </reporter-output>
        </test-method> <!-- tearDown -->
        <test-method status="PASS" signature="setUp()[pri:0, instance:com.github.bugscatcher.ResourceTests@7a0e1b5e]" name="setUp" is-config="true" duration-ms="4" started-at="2018-06-06T10:46:13Z" description="Configure temp files, base uri, base path and etc." finished-at="2018-06-06T10:46:13Z">
          <reporter-output>
          </reporter-output>
        </test-method> <!-- setUp -->
        <test-method status="PASS" signature="testListResource_200(java.lang.String)[pri:0, instance:com.github.bugscatcher.ResourceTests@7a0e1b5e]" name="testListResource_200" duration-ms="1101" started-at="2018-06-06T10:46:13Z" description="GET. LIST RESOURCES." data-provider="listResources_200" finished-at="2018-06-06T10:46:14Z">
          <params>
            <param index="0">
              <value>
                <![CDATA[22]]>
              </value>
            </param>
          </params>
          <reporter-output>
          </reporter-output>
        </test-method> <!-- testListResource_200 -->
        <test-method status="PASS" signature="tearDown()[pri:0, instance:com.github.bugscatcher.ResourceTests@7a0e1b5e]" name="tearDown" is-config="true" duration-ms="0" started-at="2018-06-06T10:46:14Z" description="Delete temp files" finished-at="2018-06-06T10:46:14Z">
          <reporter-output>
          </reporter-output>
        </test-method> <!-- tearDown -->
        <test-method status="PASS" signature="setUp()[pri:0, instance:com.github.bugscatcher.ResourceTests@7a0e1b5e]" name="setUp" is-config="true" duration-ms="5" started-at="2018-06-06T10:46:14Z" description="Configure temp files, base uri, base path and etc." finished-at="2018-06-06T10:46:14Z">
          <reporter-output>
          </reporter-output>
        </test-method> <!-- setUp -->
        <test-method status="PASS" signature="testSingleResource_200(java.lang.String)[pri:0, instance:com.github.bugscatcher.ResourceTests@7a0e1b5e]" name="testSingleResource_200" duration-ms="1088" started-at="2018-06-06T10:46:14Z" description="GET. SINGLE RESOURCE." data-provider="singleResource_200" finished-at="2018-06-06T10:46:15Z">
          <params>
            <param index="0">
              <value>
                <![CDATA[1]]>
              </value>
            </param>
          </params>
          <reporter-output>
          </reporter-output>
        </test-method> <!-- testSingleResource_200 -->
        <test-method status="PASS" signature="tearDown()[pri:0, instance:com.github.bugscatcher.ResourceTests@7a0e1b5e]" name="tearDown" is-config="true" duration-ms="0" started-at="2018-06-06T10:46:15Z" description="Delete temp files" finished-at="2018-06-06T10:46:15Z">
          <reporter-output>
          </reporter-output>
        </test-method> <!-- tearDown -->
        <test-method status="PASS" signature="setUp()[pri:0, instance:com.github.bugscatcher.ResourceTests@7a0e1b5e]" name="setUp" is-config="true" duration-ms="16" started-at="2018-06-06T10:46:15Z" description="Configure temp files, base uri, base path and etc." finished-at="2018-06-06T10:46:15Z">
          <reporter-output>
          </reporter-output>
        </test-method> <!-- setUp -->
        <test-method status="PASS" signature="testSingleResource_200(java.lang.String)[pri:0, instance:com.github.bugscatcher.ResourceTests@7a0e1b5e]" name="testSingleResource_200" duration-ms="1078" started-at="2018-06-06T10:46:15Z" description="GET. SINGLE RESOURCE." data-provider="singleResource_200" finished-at="2018-06-06T10:46:16Z">
          <params>
            <param index="0">
              <value>
                <![CDATA[2]]>
              </value>
            </param>
          </params>
          <reporter-output>
          </reporter-output>
        </test-method> <!-- testSingleResource_200 -->
        <test-method status="PASS" signature="tearDown()[pri:0, instance:com.github.bugscatcher.ResourceTests@7a0e1b5e]" name="tearDown" is-config="true" duration-ms="1" started-at="2018-06-06T10:46:16Z" description="Delete temp files" finished-at="2018-06-06T10:46:16Z">
          <reporter-output>
          </reporter-output>
        </test-method> <!-- tearDown -->
        <test-method status="PASS" signature="setUp()[pri:0, instance:com.github.bugscatcher.ResourceTests@7a0e1b5e]" name="setUp" is-config="true" duration-ms="5" started-at="2018-06-06T10:46:16Z" description="Configure temp files, base uri, base path and etc." finished-at="2018-06-06T10:46:16Z">
          <reporter-output>
          </reporter-output>
        </test-method> <!-- setUp -->
        <test-method status="PASS" signature="testSingleResource_404(java.lang.String)[pri:0, instance:com.github.bugscatcher.ResourceTests@7a0e1b5e]" name="testSingleResource_404" duration-ms="1085" started-at="2018-06-06T10:46:16Z" description="GET. SINGLE RESOURCE (NOT FOUND)." data-provider="singleResource_404" finished-at="2018-06-06T10:46:17Z">
          <params>
            <param index="0">
              <value>
                <![CDATA[999]]>
              </value>
            </param>
          </params>
          <reporter-output>
          </reporter-output>
        </test-method> <!-- testSingleResource_404 -->
        <test-method status="PASS" signature="tearDown()[pri:0, instance:com.github.bugscatcher.ResourceTests@7a0e1b5e]" name="tearDown" is-config="true" duration-ms="0" started-at="2018-06-06T10:46:17Z" description="Delete temp files" finished-at="2018-06-06T10:46:17Z">
          <reporter-output>
          </reporter-output>
        </test-method> <!-- tearDown -->
        <test-method status="PASS" signature="setUp()[pri:0, instance:com.github.bugscatcher.ResourceTests@7a0e1b5e]" name="setUp" is-config="true" duration-ms="7" started-at="2018-06-06T10:46:17Z" description="Configure temp files, base uri, base path and etc." finished-at="2018-06-06T10:46:17Z">
          <reporter-output>
          </reporter-output>
        </test-method> <!-- setUp -->
        <test-method status="PASS" signature="testSingleResource_404(java.lang.String)[pri:0, instance:com.github.bugscatcher.ResourceTests@7a0e1b5e]" name="testSingleResource_404" duration-ms="1067" started-at="2018-06-06T10:46:18Z" description="GET. SINGLE RESOURCE (NOT FOUND)." data-provider="singleResource_404" finished-at="2018-06-06T10:46:19Z">
          <params>
            <param index="0">
              <value>
                <![CDATA[88]]>
              </value>
            </param>
          </params>
          <reporter-output>
          </reporter-output>
        </test-method> <!-- testSingleResource_404 -->
        <test-method status="PASS" signature="tearDown()[pri:0, instance:com.github.bugscatcher.ResourceTests@7a0e1b5e]" name="tearDown" is-config="true" duration-ms="1" started-at="2018-06-06T10:46:19Z" description="Delete temp files" finished-at="2018-06-06T10:46:19Z">
          <reporter-output>
          </reporter-output>
        </test-method> <!-- tearDown -->
      </class> <!-- com.github.bugscatcher.ResourceTests -->
    </test> <!-- Resource Tests -->
  </suite> <!-- Test Suite -->
</testng-results>
