<?xml version="1.0" encoding="UTF-8"?>
<!-- Generated by org.testng.reporters.JUnitXMLReporter -->
<testsuite hostname="AINUR-BINADOX" ignored="0" name="Login Tests" tests="6" failures="0" timestamp="06 Jun 2018 00:41:07 GMT" time="3.202" errors="0">
  <testcase name="testLogin_200" time="0.513" classname="com.github.bugscatcher.LoginTests"/>
  <testcase name="testLogin_200" time="0.369" classname="com.github.bugscatcher.LoginTests"/>
  <testcase name="testLogin_400_1" time="0.56" classname="com.github.bugscatcher.LoginTests"/>
  <testcase name="testLogin_400_1" time="0.651" classname="com.github.bugscatcher.LoginTests"/>
  <testcase name="testLogin_400_2" time="0.532" classname="com.github.bugscatcher.LoginTests"/>
  <testcase name="testLogin_400_2" time="0.373" classname="com.github.bugscatcher.LoginTests"/>
</testsuite> <!-- Login Tests -->
