<?xml version="1.0" encoding="UTF-8"?>
<!-- Generated by org.testng.reporters.JUnitXMLReporter -->
<testsuite hostname="AINUR-BINADOX" ignored="0" name="Login Tests" tests="6" failures="0" timestamp="06 Jun 2018 10:46:11 GMT" time="6.73" errors="0">
  <testcase name="testLogin_200" time="1.101" classname="com.github.bugscatcher.LoginTests"/>
  <testcase name="testLogin_200" time="1.058" classname="com.github.bugscatcher.LoginTests"/>
  <testcase name="testLogin_400_1" time="1.089" classname="com.github.bugscatcher.LoginTests"/>
  <testcase name="testLogin_400_1" time="1.053" classname="com.github.bugscatcher.LoginTests"/>
  <testcase name="testLogin_400_2" time="1.151" classname="com.github.bugscatcher.LoginTests"/>
  <testcase name="testLogin_400_2" time="1.082" classname="com.github.bugscatcher.LoginTests"/>
</testsuite> <!-- Login Tests -->
