<?xml version="1.0" encoding="UTF-8"?>
<!-- Generated by org.testng.reporters.JUnitXMLReporter -->
<testsuite hostname="AINUR-BINADOX" ignored="0" name="Register Tests" tests="6" failures="0" timestamp="06 Jun 2018 10:46:04 GMT" time="6.84" errors="0">
  <testcase name="testRegister_201" time="1.097" classname="com.github.bugscatcher.RegisterTests"/>
  <testcase name="testRegister_201" time="1.077" classname="com.github.bugscatcher.RegisterTests"/>
  <testcase name="testRegister_400_1" time="1.067" classname="com.github.bugscatcher.RegisterTests"/>
  <testcase name="testRegister_400_1" time="1.06" classname="com.github.bugscatcher.RegisterTests"/>
  <testcase name="testRegister_400_2" time="1.074" classname="com.github.bugscatcher.RegisterTests"/>
  <testcase name="testRegister_400_2" time="1.279" classname="com.github.bugscatcher.RegisterTests"/>
</testsuite> <!-- Register Tests -->
