<?xml version="1.0" encoding="UTF-8"?>
<!-- Generated by org.testng.reporters.JUnitXMLReporter -->
<testsuite hostname="AINUR-BINADOX" ignored="0" name="Register Tests" tests="6" failures="0" timestamp="06 Jun 2018 00:41:04 GMT" time="3.065" errors="0">
  <testcase name="testRegister_201" time="0.501" classname="com.github.bugscatcher.RegisterTests"/>
  <testcase name="testRegister_201" time="0.695" classname="com.github.bugscatcher.RegisterTests"/>
  <testcase name="testRegister_400_1" time="0.552" classname="com.github.bugscatcher.RegisterTests"/>
  <testcase name="testRegister_400_1" time="0.366" classname="com.github.bugscatcher.RegisterTests"/>
  <testcase name="testRegister_400_2" time="0.357" classname="com.github.bugscatcher.RegisterTests"/>
  <testcase name="testRegister_400_2" time="0.389" classname="com.github.bugscatcher.RegisterTests"/>
</testsuite> <!-- Register Tests -->
