<?xml version="1.0" encoding="UTF-8"?>
<!-- Generated by org.testng.reporters.JUnitXMLReporter -->
<testsuite hostname="AINUR-BINADOX" ignored="0" name="Resource Tests" tests="3" failures="0" timestamp="06 Jun 2018 00:41:09 GMT" time="1.216" errors="0">
  <testcase name="testListResource_200" time="0.366" classname="com.github.bugscatcher.ResourceTests"/>
  <testcase name="testSingleResource_200" time="0.38" classname="com.github.bugscatcher.ResourceTests"/>
  <testcase name="testSingleResource_404" time="0.375" classname="com.github.bugscatcher.ResourceTests"/>
</testsuite> <!-- Resource Tests -->
