<?xml version="1.0" encoding="UTF-8"?>
<!-- Generated by org.testng.reporters.JUnitXMLReporter -->
<testsuite hostname="AINUR-BINADOX" ignored="0" name="Resource Tests" tests="7" failures="0" timestamp="06 Jun 2018 10:46:19 GMT" time="8.03" errors="0">
  <testcase name="testListResource_200" time="1.281" classname="com.github.bugscatcher.ResourceTests"/>
  <testcase name="testListResource_200" time="1.093" classname="com.github.bugscatcher.ResourceTests"/>
  <testcase name="testListResource_200" time="1.101" classname="com.github.bugscatcher.ResourceTests"/>
  <testcase name="testSingleResource_200" time="1.088" classname="com.github.bugscatcher.ResourceTests"/>
  <testcase name="testSingleResource_200" time="1.078" classname="com.github.bugscatcher.ResourceTests"/>
  <testcase name="testSingleResource_404" time="1.085" classname="com.github.bugscatcher.ResourceTests"/>
  <testcase name="testSingleResource_404" time="1.067" classname="com.github.bugscatcher.ResourceTests"/>
</testsuite> <!-- Resource Tests -->
