<?xml version="1.0" encoding="UTF-8"?>
<!-- Generated by org.testng.reporters.JUnitXMLReporter -->
<testsuite hostname="AINUR-BINADOX" ignored="0" name="User Tests" tests="28" failures="0" timestamp="06 Jun 2018 10:45:57 GMT" time="49.319" errors="0">
  <testcase name="testCreateUser_201" time="2.808" classname="com.github.bugscatcher.UserTests"/>
  <testcase name="testCreateUser_201" time="1.086" classname="com.github.bugscatcher.UserTests"/>
  <testcase name="testCreateUser_201" time="1.094" classname="com.github.bugscatcher.UserTests"/>
  <testcase name="testCreateUser_201" time="1.114" classname="com.github.bugscatcher.UserTests"/>
  <testcase name="testCreateUser_201" time="1.104" classname="com.github.bugscatcher.UserTests"/>
  <testcase name="testDelayedResponse_200" time="6.208" classname="com.github.bugscatcher.UserTests"/>
  <testcase name="testDelayedResponse_200" time="11.089" classname="com.github.bugscatcher.UserTests"/>
  <testcase name="testDelayedResponse_200" time="1.08" classname="com.github.bugscatcher.UserTests"/>
  <testcase name="testDelayedResponse_200" time="1.081" classname="com.github.bugscatcher.UserTests"/>
  <testcase name="testDeleteUser_204" time="1.104" classname="com.github.bugscatcher.UserTests"/>
  <testcase name="testDeleteUser_204" time="1.073" classname="com.github.bugscatcher.UserTests"/>
  <testcase name="testListUsers_200" time="1.105" classname="com.github.bugscatcher.UserTests"/>
  <testcase name="testListUsers_200" time="1.078" classname="com.github.bugscatcher.UserTests"/>
  <testcase name="testListUsers_200" time="1.078" classname="com.github.bugscatcher.UserTests"/>
  <testcase name="testSingleUser_200" time="1.2" classname="com.github.bugscatcher.UserTests"/>
  <testcase name="testSingleUser_200" time="1.18" classname="com.github.bugscatcher.UserTests"/>
  <testcase name="testSingleUser_404" time="1.094" classname="com.github.bugscatcher.UserTests"/>
  <testcase name="testSingleUser_404" time="1.08" classname="com.github.bugscatcher.UserTests"/>
  <testcase name="testUpdateUser_PATCH_200" time="1.066" classname="com.github.bugscatcher.UserTests"/>
  <testcase name="testUpdateUser_PATCH_200" time="1.094" classname="com.github.bugscatcher.UserTests"/>
  <testcase name="testUpdateUser_PATCH_200" time="1.093" classname="com.github.bugscatcher.UserTests"/>
  <testcase name="testUpdateUser_PATCH_200" time="1.089" classname="com.github.bugscatcher.UserTests"/>
  <testcase name="testUpdateUser_PATCH_200" time="1.067" classname="com.github.bugscatcher.UserTests"/>
  <testcase name="testUpdateUser_PUT_200" time="1.085" classname="com.github.bugscatcher.UserTests"/>
  <testcase name="testUpdateUser_PUT_200" time="1.088" classname="com.github.bugscatcher.UserTests"/>
  <testcase name="testUpdateUser_PUT_200" time="1.057" classname="com.github.bugscatcher.UserTests"/>
  <testcase name="testUpdateUser_PUT_200" time="1.068" classname="com.github.bugscatcher.UserTests"/>
  <testcase name="testUpdateUser_PUT_200" time="1.089" classname="com.github.bugscatcher.UserTests"/>
</testsuite> <!-- User Tests -->
