<?xml version="1.0" encoding="UTF-8"?>
<!-- Generated by org.testng.reporters.JUnitXMLReporter -->
<testsuite hostname="AINUR-BINADOX" ignored="0" name="User Tests" tests="23" failures="0" timestamp="06 Jun 2018 00:41:01 GMT" time="29.812" errors="0">
  <testcase name="testCreateUser_201" time="2.459" classname="com.github.bugscatcher.UserTests"/>
  <testcase name="testCreateUser_201" time="0.557" classname="com.github.bugscatcher.UserTests"/>
  <testcase name="testCreateUser_201" time="0.412" classname="com.github.bugscatcher.UserTests"/>
  <testcase name="testCreateUser_201" time="0.368" classname="com.github.bugscatcher.UserTests"/>
  <testcase name="testCreateUser_201" time="0.674" classname="com.github.bugscatcher.UserTests"/>
  <testcase name="testDelayedResponse_200" time="5.527" classname="com.github.bugscatcher.UserTests"/>
  <testcase name="testDelayedResponse_200" time="10.55" classname="com.github.bugscatcher.UserTests"/>
  <testcase name="testDelayedResponse_200" time="0.569" classname="com.github.bugscatcher.UserTests"/>
  <testcase name="testDelayedResponse_200" time="0.381" classname="com.github.bugscatcher.UserTests"/>
  <testcase name="testDeleteUser_204" time="0.706" classname="com.github.bugscatcher.UserTests"/>
  <testcase name="testListUsers_200" time="0.714" classname="com.github.bugscatcher.UserTests"/>
  <testcase name="testSingleUser_200" time="0.359" classname="com.github.bugscatcher.UserTests"/>
  <testcase name="testSingleUser_404" time="0.368" classname="com.github.bugscatcher.UserTests"/>
  <testcase name="testUpdateUser_PATCH_200" time="0.39" classname="com.github.bugscatcher.UserTests"/>
  <testcase name="testUpdateUser_PATCH_200" time="0.367" classname="com.github.bugscatcher.UserTests"/>
  <testcase name="testUpdateUser_PATCH_200" time="0.513" classname="com.github.bugscatcher.UserTests"/>
  <testcase name="testUpdateUser_PATCH_200" time="0.677" classname="com.github.bugscatcher.UserTests"/>
  <testcase name="testUpdateUser_PATCH_200" time="0.369" classname="com.github.bugscatcher.UserTests"/>
  <testcase name="testUpdateUser_PUT_200" time="0.361" classname="com.github.bugscatcher.UserTests"/>
  <testcase name="testUpdateUser_PUT_200" time="0.363" classname="com.github.bugscatcher.UserTests"/>
  <testcase name="testUpdateUser_PUT_200" time="0.683" classname="com.github.bugscatcher.UserTests"/>
  <testcase name="testUpdateUser_PUT_200" time="0.386" classname="com.github.bugscatcher.UserTests"/>
  <testcase name="testUpdateUser_PUT_200" time="0.446" classname="com.github.bugscatcher.UserTests"/>
</testsuite> <!-- User Tests -->
