<?xml version="1.0" encoding="UTF-8"?>
<!-- Generated by org.testng.reporters.JUnitXMLReporter -->
<testsuite hostname="AINUR-BINADOX" ignored="0" name="Login Tests" tests="6" failures="0" timestamp="06 Jun 2018 00:06:19 GMT" time="3.29" errors="0">
  <testcase name="testLogin_200" time="0.727" classname="com.github.bugscatcher.LoginTests"/>
  <testcase name="testLogin_200" time="0.535" classname="com.github.bugscatcher.LoginTests"/>
  <testcase name="testLogin_400_1" time="0.552" classname="com.github.bugscatcher.LoginTests"/>
  <testcase name="testLogin_400_1" time="0.356" classname="com.github.bugscatcher.LoginTests"/>
  <testcase name="testLogin_400_2" time="0.534" classname="com.github.bugscatcher.LoginTests"/>
  <testcase name="testLogin_400_2" time="0.365" classname="com.github.bugscatcher.LoginTests"/>
</testsuite> <!-- Login Tests -->
