<?xml version="1.0" encoding="UTF-8"?>
<!-- Generated by org.testng.reporters.JUnitXMLReporter -->
<testsuite hostname="AINUR-BINADOX" ignored="0" name="Register Tests" tests="6" failures="0" timestamp="06 Jun 2018 00:06:16 GMT" time="2.789" errors="0">
  <testcase name="testRegister_201" time="0.384" classname="com.github.bugscatcher.RegisterTests"/>
  <testcase name="testRegister_201" time="0.371" classname="com.github.bugscatcher.RegisterTests"/>
  <testcase name="testRegister_400_1" time="0.555" classname="com.github.bugscatcher.RegisterTests"/>
  <testcase name="testRegister_400_1" time="0.353" classname="com.github.bugscatcher.RegisterTests"/>
  <testcase name="testRegister_400_2" time="0.371" classname="com.github.bugscatcher.RegisterTests"/>
  <testcase name="testRegister_400_2" time="0.543" classname="com.github.bugscatcher.RegisterTests"/>
</testsuite> <!-- Register Tests -->
