<?xml version="1.0" encoding="UTF-8"?>
<!-- Generated by org.testng.reporters.JUnitXMLReporter -->
<testsuite hostname="AINUR-BINADOX" ignored="0" name="Resource Tests" tests="3" failures="0" timestamp="06 Jun 2018 00:06:21 GMT" time="1.604" errors="0">
  <testcase name="testListResource_200" time="0.586" classname="com.github.bugscatcher.ResourceTests"/>
  <testcase name="testSingleResource_200" time="0.559" classname="com.github.bugscatcher.ResourceTests"/>
  <testcase name="testSingleResource_404" time="0.372" classname="com.github.bugscatcher.ResourceTests"/>
</testsuite> <!-- Resource Tests -->
