<?xml version="1.0" encoding="UTF-8"?>
<!-- Generated by org.testng.reporters.JUnitXMLReporter -->
<testsuite hostname="AINUR-BINADOX" ignored="0" name="User Tests" tests="23" failures="0" timestamp="06 Jun 2018 00:06:13 GMT" time="32.487" errors="0">
  <testcase name="testCreateUser_201" time="2.403" classname="com.github.bugscatcher.UserTests"/>
  <testcase name="testCreateUser_201" time="0.701" classname="com.github.bugscatcher.UserTests"/>
  <testcase name="testCreateUser_201" time="0.712" classname="com.github.bugscatcher.UserTests"/>
  <testcase name="testCreateUser_201" time="0.721" classname="com.github.bugscatcher.UserTests"/>
  <testcase name="testCreateUser_201" time="0.585" classname="com.github.bugscatcher.UserTests"/>
  <testcase name="testDelayedResponse_200" time="5.841" classname="com.github.bugscatcher.UserTests"/>
  <testcase name="testDelayedResponse_200" time="10.578" classname="com.github.bugscatcher.UserTests"/>
  <testcase name="testDelayedResponse_200" time="0.645" classname="com.github.bugscatcher.UserTests"/>
  <testcase name="testDelayedResponse_200" time="0.565" classname="com.github.bugscatcher.UserTests"/>
  <testcase name="testDeleteUser_204" time="0.378" classname="com.github.bugscatcher.UserTests"/>
  <testcase name="testListUsers_200" time="0.588" classname="com.github.bugscatcher.UserTests"/>
  <testcase name="testSingleUser_200" time="0.565" classname="com.github.bugscatcher.UserTests"/>
  <testcase name="testSingleUser_404" time="0.539" classname="com.github.bugscatcher.UserTests"/>
  <testcase name="testUpdateUser_PATCH_200" time="0.555" classname="com.github.bugscatcher.UserTests"/>
  <testcase name="testUpdateUser_PATCH_200" time="0.55" classname="com.github.bugscatcher.UserTests"/>
  <testcase name="testUpdateUser_PATCH_200" time="0.73" classname="com.github.bugscatcher.UserTests"/>
  <testcase name="testUpdateUser_PATCH_200" time="0.551" classname="com.github.bugscatcher.UserTests"/>
  <testcase name="testUpdateUser_PATCH_200" time="0.575" classname="com.github.bugscatcher.UserTests"/>
  <testcase name="testUpdateUser_PUT_200" time="0.701" classname="com.github.bugscatcher.UserTests"/>
  <testcase name="testUpdateUser_PUT_200" time="0.363" classname="com.github.bugscatcher.UserTests"/>
  <testcase name="testUpdateUser_PUT_200" time="0.736" classname="com.github.bugscatcher.UserTests"/>
  <testcase name="testUpdateUser_PUT_200" time="0.555" classname="com.github.bugscatcher.UserTests"/>
  <testcase name="testUpdateUser_PUT_200" time="0.663" classname="com.github.bugscatcher.UserTests"/>
</testsuite> <!-- User Tests -->
